INFO [2023-10-17 14:45:57] $x
INFO [2023-10-17 14:45:57] list(unname(unlist(select(filter(res, condition == "timepoint_3h_vs_0h"), 
INFO [2023-10-17 14:45:57]     Gene))), unname(unlist(select(filter(res, condition == "timepoint_6h_vs_0h"), 
INFO [2023-10-17 14:45:57]     Gene))), unname(unlist(select(filter(res, condition == "timepoint_12h_vs_0h"), 
INFO [2023-10-17 14:45:57]     Gene))), unname(unlist(select(filter(res, condition == "timepoint_24h_vs_0h"), 
INFO [2023-10-17 14:45:57]     Gene))))
INFO [2023-10-17 14:45:57] 
INFO [2023-10-17 14:45:57] $category.names
INFO [2023-10-17 14:45:57] c("3h", "6h", "12h", "24h")
INFO [2023-10-17 14:45:57] 
INFO [2023-10-17 14:45:57] $filename
INFO [2023-10-17 14:45:57] [1] "outData/timepoint_venn.png"
INFO [2023-10-17 14:45:57] 
INFO [2023-10-17 14:45:57] $height
INFO [2023-10-17 14:45:57] [1] 480
INFO [2023-10-17 14:45:57] 
INFO [2023-10-17 14:45:57] $width
INFO [2023-10-17 14:45:57] [1] 480
INFO [2023-10-17 14:45:57] 
INFO [2023-10-17 14:45:57] $resolution
INFO [2023-10-17 14:45:57] [1] 300
INFO [2023-10-17 14:45:57] 
INFO [2023-10-17 14:45:57] $compression
INFO [2023-10-17 14:45:57] [1] "lzw"
INFO [2023-10-17 14:45:57] 
INFO [2023-10-17 14:45:57] $lwd
INFO [2023-10-17 14:45:57] [1] 1
INFO [2023-10-17 14:45:57] 
INFO [2023-10-17 14:45:57] $col
INFO [2023-10-17 14:45:57] brewer.pal(n = 4, "Set2")
INFO [2023-10-17 14:45:57] 
INFO [2023-10-17 14:45:57] $fill
INFO [2023-10-17 14:45:57] c(alpha("#66C2A5", 0.3), alpha("#FC8D62", 0.3), alpha("#8DA0CB", 
INFO [2023-10-17 14:45:57]     0.3), alpha("#E78AC3", 0.3))
INFO [2023-10-17 14:45:57] 
INFO [2023-10-17 14:45:57] $cex
INFO [2023-10-17 14:45:57] [1] 0.5
INFO [2023-10-17 14:45:57] 
INFO [2023-10-17 14:45:57] $fontfamily
INFO [2023-10-17 14:45:57] [1] "sans"
INFO [2023-10-17 14:45:57] 
INFO [2023-10-17 14:45:57] $cat.cex
INFO [2023-10-17 14:45:57] [1] 0.6
INFO [2023-10-17 14:45:57] 
INFO [2023-10-17 14:45:57] $cat.default.pos
INFO [2023-10-17 14:45:57] [1] "outer"
INFO [2023-10-17 14:45:57] 
INFO [2023-10-17 14:45:57] $cat.fontfamily
INFO [2023-10-17 14:45:57] [1] "sans"
INFO [2023-10-17 14:45:57] 
INFO [2023-10-17 14:45:57] $cat.col
INFO [2023-10-17 14:45:57] brewer.pal(n = 4, "Set2")
INFO [2023-10-17 14:45:57] 
INFO [2023-10-17 14:45:57] [[17]]
INFO [2023-10-17 14:45:57] 
INFO [2023-10-17 14:45:57] 
